<?xml version="1.0" encoding="UTF-8"?>
<!-- Generated by org.testng.reporters.JUnitReportReporter -->
<testsuite skipped="0" hostname="Newt-PBS114" name="com.mercurytours.com.extentreport.TestNG" tests="1" failures="0" timestamp="01 Jun 2018 04:56:13 GMT" time="97.466" errors="0">
  <testcase name="method" time="97.466" classname="com.mercurytours.com.extentreport.TestNG"/>
</testsuite> <!-- com.mercurytours.com.extentreport.TestNG -->
